<?xml version="1.0" encoding="UTF-8"?>
<testng-results skipped="0" failed="0" ignored="0" total="0" passed="0">
  <reporter-output>
  </reporter-output>
  <suite name="com.mob.ebaySample.AppTest" duration-ms="50" started-at="2018-05-18T08:59:46Z" finished-at="2018-05-18T08:59:47Z">
    <groups>
    </groups>
    <test name="Command line test" duration-ms="50" started-at="2018-05-18T08:59:46Z" finished-at="2018-05-18T08:59:47Z">
    </test> <!-- Command line test -->
  </suite> <!-- com.mob.ebaySample.AppTest -->
</testng-results>
